<?xml version="1.0" encoding="UTF-8"?>
<!-- Generated by org.testng.reporters.JUnitReportReporter -->
<testsuite skipped="0" hostname="Margarita-PC" name="happy_path_testing.LoginTest" tests="1" failures="0" timestamp="30 Apr 2018 00:16:40 GMT" time="1.094" errors="0">
  <testcase name="attemptToLogin" time="1.094" classname="happy_path_testing.LoginTest"/>
</testsuite> <!-- happy_path_testing.LoginTest -->
